<?xml version="1.0" encoding="UTF-8"?>
<!-- Generated by org.testng.reporters.JUnitReportReporter -->
<testsuite skipped="0" hostname="LNAR-5CG9204ZX7" name="TC01GetReq" tests="1" failures="0" timestamp="2020-10-07T20:02:13 EDT" time="2.549" errors="0">
  <testcase name="GetRequest" time="2.549" classname="TC01GetReq"/>
  <system-out/>
</testsuite> <!-- TC01GetReq -->
