<?xml version="1.0" encoding="UTF-8"?>
<!-- Generated by org.testng.reporters.JUnitReportReporter -->
<testsuite skipped="0" hostname="LNAR-5CG9204ZX7" name="TC02PostRequest" tests="1" failures="0" timestamp="2020-10-06T23:58:19 EDT" time="3.450" errors="0">
  <testcase name="PostRequest" time="3.450" classname="TC02PostRequest"/>
  <system-out/>
</testsuite> <!-- TC02PostRequest -->
