<?xml version="1.0" encoding="UTF-8"?>
<!-- Generated by org.testng.reporters.JUnitReportReporter -->
<testsuite skipped="0" hostname="LNAR-5CG9204ZX7" name="TC02PostRequest" tests="1" failures="0" timestamp="2020-10-07T20:02:24 EDT" time="2.296" errors="0">
  <testcase name="PostRequest" time="2.296" classname="TC02PostRequest"/>
  <system-out/>
</testsuite> <!-- TC02PostRequest -->
